0 info it worked if it ends with ok
1 verbose cli [ 'node',
1 verbose cli   '/usr/local/bin/npm',
1 verbose cli   'install',
1 verbose cli   '--save',
1 verbose cli   'cookieSession' ]
2 info using npm@2.10.1
3 info using node@v0.12.4
4 verbose node symlink /usr/local/bin/node
5 verbose install initial load of /Users/Javi/proyectos/servicioMania/package.json
6 warn package.json serviciomania@1.0.0 No repository field.
7 verbose installManyTop reading scoped package data from /Users/Javi/proyectos/servicioMania/node_modules/angular/package.json
8 verbose installManyTop reading scoped package data from /Users/Javi/proyectos/servicioMania/node_modules/body-parser/package.json
9 verbose installManyTop reading scoped package data from /Users/Javi/proyectos/servicioMania/node_modules/bower/package.json
10 verbose installManyTop reading scoped package data from /Users/Javi/proyectos/servicioMania/node_modules/cookie-parser/package.json
11 verbose installManyTop reading scoped package data from /Users/Javi/proyectos/servicioMania/node_modules/ejs/package.json
12 verbose installManyTop reading scoped package data from /Users/Javi/proyectos/servicioMania/node_modules/express/package.json
13 verbose installManyTop reading scoped package data from /Users/Javi/proyectos/servicioMania/node_modules/express-session/package.json
14 verbose installManyTop reading scoped package data from /Users/Javi/proyectos/servicioMania/node_modules/passport/package.json
15 verbose installManyTop reading scoped package data from /Users/Javi/proyectos/servicioMania/node_modules/passport-google-oauth/package.json
16 verbose installManyTop reading scoped package data from /Users/Javi/proyectos/servicioMania/node_modules/path/package.json
17 verbose installManyTop reading scoped package data from /Users/Javi/proyectos/servicioMania/node_modules/pg/package.json
18 verbose installManyTop reading scoped package data from /Users/Javi/proyectos/servicioMania/node_modules/pg-hstore/package.json
19 verbose installManyTop reading scoped package data from /Users/Javi/proyectos/servicioMania/node_modules/save/package.json
20 verbose installManyTop reading scoped package data from /Users/Javi/proyectos/servicioMania/node_modules/sequelize/package.json
21 info package.json passport-google-oauth@0.2.0 No license field.
22 info package.json bower@1.4.1 No license field.
23 info package.json path@0.11.14 path is also the name of a node core module.
24 info package.json save@2.1.1 No license field.
25 info package.json pg-hstore@2.3.2 No license field.
26 verbose readDependencies loading dependencies from /Users/Javi/proyectos/servicioMania/package.json
27 silly cache add args [ 'cookieSession', null ]
28 verbose cache add spec cookieSession
29 silly cache add parsed spec { raw: 'cookieSession',
29 silly cache add   scope: null,
29 silly cache add   name: 'cookieSession',
29 silly cache add   rawSpec: '',
29 silly cache add   spec: '*',
29 silly cache add   type: 'range' }
30 silly addNamed cookieSession@*
31 verbose addNamed "*" is a valid semver range for cookieSession
32 silly addNameRange { name: 'cookieSession', range: '*', hasData: false }
33 silly mapToRegistry name cookieSession
34 silly mapToRegistry using default registry
35 silly mapToRegistry registry https://registry.npmjs.org/
36 silly mapToRegistry uri https://registry.npmjs.org/cookieSession
37 verbose addNameRange registry:https://registry.npmjs.org/cookieSession not in flight; fetching
38 verbose request uri https://registry.npmjs.org/cookieSession
39 verbose request no auth needed
40 info attempt registry request try #1 at 23:33:35
41 verbose request id 55dfeabe1ff71fd7
42 http request GET https://registry.npmjs.org/cookieSession
43 http 404 https://registry.npmjs.org/cookieSession
44 verbose headers { server: 'CouchDB/1.5.0 (Erlang OTP/R16B03)',
44 verbose headers   'content-type': 'application/json',
44 verbose headers   'cache-control': 'max-age=0',
44 verbose headers   'content-length': '51',
44 verbose headers   'accept-ranges': 'bytes',
44 verbose headers   date: 'Thu, 16 Jul 2015 21:33:32 GMT',
44 verbose headers   via: '1.1 varnish',
44 verbose headers   age: '0',
44 verbose headers   connection: 'keep-alive',
44 verbose headers   'x-served-by': 'cache-ams4125-AMS',
44 verbose headers   'x-cache': 'MISS',
44 verbose headers   'x-cache-hits': '0',
44 verbose headers   'x-timer': 'S1437082412.675762,VS0,VE181' }
45 silly get cb [ 404,
45 silly get   { server: 'CouchDB/1.5.0 (Erlang OTP/R16B03)',
45 silly get     'content-type': 'application/json',
45 silly get     'cache-control': 'max-age=0',
45 silly get     'content-length': '51',
45 silly get     'accept-ranges': 'bytes',
45 silly get     date: 'Thu, 16 Jul 2015 21:33:32 GMT',
45 silly get     via: '1.1 varnish',
45 silly get     age: '0',
45 silly get     connection: 'keep-alive',
45 silly get     'x-served-by': 'cache-ams4125-AMS',
45 silly get     'x-cache': 'MISS',
45 silly get     'x-cache-hits': '0',
45 silly get     'x-timer': 'S1437082412.675762,VS0,VE181' } ]
46 verbose stack Error: 404 Not Found: cookieSession
46 verbose stack     at CachingRegistryClient.<anonymous> (/usr/local/lib/node_modules/npm/node_modules/npm-registry-client/lib/request.js:245:14)
46 verbose stack     at Request._callback (/usr/local/lib/node_modules/npm/node_modules/npm-registry-client/lib/request.js:170:14)
46 verbose stack     at Request.self.callback (/usr/local/lib/node_modules/npm/node_modules/request/request.js:368:22)
46 verbose stack     at Request.emit (events.js:110:17)
46 verbose stack     at Request.<anonymous> (/usr/local/lib/node_modules/npm/node_modules/request/request.js:1219:14)
46 verbose stack     at Request.emit (events.js:129:20)
46 verbose stack     at IncomingMessage.<anonymous> (/usr/local/lib/node_modules/npm/node_modules/request/request.js:1167:12)
46 verbose stack     at IncomingMessage.emit (events.js:129:20)
46 verbose stack     at _stream_readable.js:908:16
46 verbose stack     at process._tickCallback (node.js:355:11)
47 verbose statusCode 404
48 verbose pkgid cookieSession
49 verbose cwd /Users/Javi/proyectos/servicioMania
50 error Darwin 14.4.0
51 error argv "node" "/usr/local/bin/npm" "install" "--save" "cookieSession"
52 error node v0.12.4
53 error npm  v2.10.1
54 error code E404
55 error 404 Not Found: cookieSession
55 error 404
55 error 404 'cookieSession' is not in the npm registry.
55 error 404 You should bug the author to publish it (or use the name yourself!)
55 error 404 It was specified as a dependency of 'serviciomania'
55 error 404
55 error 404 Note that you can also install from a
55 error 404 tarball, folder, http url, or git url.
56 verbose exit [ 1, true ]
